[0.026s] Invoking command in '/home/ros2-dev/mnt/manip_ws/build/my_robot_description': CMAKE_PREFIX_PATH=${CMAKE_PREFIX_PATH}:/home/ros2-dev/mnt/ws/install/lifecycle_py:/home/ros2-dev/mnt/ws/install/actions_py:/home/ros2-dev/mnt/ws/install/moveit_configs_utils:/opt/ros/jazzy DEBUGINFOD_URLS=https://debuginfod.ubuntu.com /usr/bin/cmake --build /home/ros2-dev/mnt/manip_ws/build/my_robot_description -- -j16 -l16
[0.102s] Invoked command in '/home/ros2-dev/mnt/manip_ws/build/my_robot_description' returned '0': CMAKE_PREFIX_PATH=${CMAKE_PREFIX_PATH}:/home/ros2-dev/mnt/ws/install/lifecycle_py:/home/ros2-dev/mnt/ws/install/actions_py:/home/ros2-dev/mnt/ws/install/moveit_configs_utils:/opt/ros/jazzy DEBUGINFOD_URLS=https://debuginfod.ubuntu.com /usr/bin/cmake --build /home/ros2-dev/mnt/manip_ws/build/my_robot_description -- -j16 -l16
[0.122s] Invoking command in '/home/ros2-dev/mnt/manip_ws/build/my_robot_description': CMAKE_PREFIX_PATH=${CMAKE_PREFIX_PATH}:/home/ros2-dev/mnt/ws/install/lifecycle_py:/home/ros2-dev/mnt/ws/install/actions_py:/home/ros2-dev/mnt/ws/install/moveit_configs_utils:/opt/ros/jazzy DEBUGINFOD_URLS=https://debuginfod.ubuntu.com /usr/bin/cmake --install /home/ros2-dev/mnt/manip_ws/build/my_robot_description
[0.139s] -- Install configuration: ""
[0.139s] -- Up-to-date: /home/ros2-dev/mnt/manip_ws/install/my_robot_description/share/my_robot_description/launch
[0.140s] -- Up-to-date: /home/ros2-dev/mnt/manip_ws/install/my_robot_description/share/my_robot_description/urdf
[0.140s] -- Up-to-date: /home/ros2-dev/mnt/manip_ws/install/my_robot_description/share/my_robot_description/rviz
[0.140s] -- Up-to-date: /home/ros2-dev/mnt/manip_ws/install/my_robot_description/share/ament_index/resource_index/package_run_dependencies/my_robot_description
[0.140s] -- Up-to-date: /home/ros2-dev/mnt/manip_ws/install/my_robot_description/share/ament_index/resource_index/parent_prefix_path/my_robot_description
[0.140s] -- Up-to-date: /home/ros2-dev/mnt/manip_ws/install/my_robot_description/share/my_robot_description/environment/ament_prefix_path.sh
[0.140s] -- Up-to-date: /home/ros2-dev/mnt/manip_ws/install/my_robot_description/share/my_robot_description/environment/ament_prefix_path.dsv
[0.140s] -- Up-to-date: /home/ros2-dev/mnt/manip_ws/install/my_robot_description/share/my_robot_description/environment/path.sh
[0.140s] -- Up-to-date: /home/ros2-dev/mnt/manip_ws/install/my_robot_description/share/my_robot_description/environment/path.dsv
[0.140s] -- Up-to-date: /home/ros2-dev/mnt/manip_ws/install/my_robot_description/share/my_robot_description/local_setup.bash
[0.140s] -- Up-to-date: /home/ros2-dev/mnt/manip_ws/install/my_robot_description/share/my_robot_description/local_setup.sh
[0.140s] -- Up-to-date: /home/ros2-dev/mnt/manip_ws/install/my_robot_description/share/my_robot_description/local_setup.zsh
[0.140s] -- Up-to-date: /home/ros2-dev/mnt/manip_ws/install/my_robot_description/share/my_robot_description/local_setup.dsv
[0.140s] -- Installing: /home/ros2-dev/mnt/manip_ws/install/my_robot_description/share/my_robot_description/package.dsv
[0.141s] -- Up-to-date: /home/ros2-dev/mnt/manip_ws/install/my_robot_description/share/ament_index/resource_index/packages/my_robot_description
[0.141s] -- Up-to-date: /home/ros2-dev/mnt/manip_ws/install/my_robot_description/share/my_robot_description/cmake/my_robot_descriptionConfig.cmake
[0.141s] -- Up-to-date: /home/ros2-dev/mnt/manip_ws/install/my_robot_description/share/my_robot_description/cmake/my_robot_descriptionConfig-version.cmake
[0.142s] -- Up-to-date: /home/ros2-dev/mnt/manip_ws/install/my_robot_description/share/my_robot_description/package.xml
[0.142s] Invoked command in '/home/ros2-dev/mnt/manip_ws/build/my_robot_description' returned '0': CMAKE_PREFIX_PATH=${CMAKE_PREFIX_PATH}:/home/ros2-dev/mnt/ws/install/lifecycle_py:/home/ros2-dev/mnt/ws/install/actions_py:/home/ros2-dev/mnt/ws/install/moveit_configs_utils:/opt/ros/jazzy DEBUGINFOD_URLS=https://debuginfod.ubuntu.com /usr/bin/cmake --install /home/ros2-dev/mnt/manip_ws/build/my_robot_description
