[0.022s] Invoking command in '/home/ros2-dev/mnt/manip_ws/build/my_robot_description': CMAKE_PREFIX_PATH=${CMAKE_PREFIX_PATH}:/home/ros2-dev/mnt/ws/install/lifecycle_py:/home/ros2-dev/mnt/ws/install/actions_py:/home/ros2-dev/mnt/ws/install/moveit_configs_utils:/opt/ros/jazzy DEBUGINFOD_URLS=https://debuginfod.ubuntu.com /usr/bin/cmake /home/ros2-dev/mnt/manip_ws/src/my_robot_description -DCMAKE_INSTALL_PREFIX=/home/ros2-dev/mnt/manip_ws/install/my_robot_description
[0.142s] -- The C compiler identification is GNU 13.3.0
[0.205s] -- The CXX compiler identification is GNU 13.3.0
[0.231s] -- Detecting C compiler ABI info
[0.368s] -- Detecting C compiler ABI info - done
[0.376s] -- Check for working C compiler: /usr/bin/cc - skipped
[0.376s] -- Detecting C compile features
[0.377s] -- Detecting C compile features - done
[0.390s] -- Detecting CXX compiler ABI info
[0.537s] -- Detecting CXX compiler ABI info - done
[0.545s] -- Check for working CXX compiler: /usr/bin/c++ - skipped
[0.545s] -- Detecting CXX compile features
[0.545s] -- Detecting CXX compile features - done
[0.574s] -- Found ament_cmake: 2.5.4 (/opt/ros/jazzy/share/ament_cmake/cmake)
[0.883s] -- Found Python3: /usr/bin/python3 (found version "3.12.3") found components: Interpreter 
[1.246s] -- Found ament_lint_auto: 0.17.3 (/opt/ros/jazzy/share/ament_lint_auto/cmake)
[1.476s] -- Added test 'lint_cmake' to check CMake code style
[1.480s] -- Added test 'xmllint' to check XML markup files
[1.486s] -- Configuring done (1.4s)
[1.490s] -- Generating done (0.0s)
[1.491s] -- Build files have been written to: /home/ros2-dev/mnt/manip_ws/build/my_robot_description
[1.496s] Invoked command in '/home/ros2-dev/mnt/manip_ws/build/my_robot_description' returned '0': CMAKE_PREFIX_PATH=${CMAKE_PREFIX_PATH}:/home/ros2-dev/mnt/ws/install/lifecycle_py:/home/ros2-dev/mnt/ws/install/actions_py:/home/ros2-dev/mnt/ws/install/moveit_configs_utils:/opt/ros/jazzy DEBUGINFOD_URLS=https://debuginfod.ubuntu.com /usr/bin/cmake /home/ros2-dev/mnt/manip_ws/src/my_robot_description -DCMAKE_INSTALL_PREFIX=/home/ros2-dev/mnt/manip_ws/install/my_robot_description
[1.497s] Invoking command in '/home/ros2-dev/mnt/manip_ws/build/my_robot_description': CMAKE_PREFIX_PATH=${CMAKE_PREFIX_PATH}:/home/ros2-dev/mnt/ws/install/lifecycle_py:/home/ros2-dev/mnt/ws/install/actions_py:/home/ros2-dev/mnt/ws/install/moveit_configs_utils:/opt/ros/jazzy DEBUGINFOD_URLS=https://debuginfod.ubuntu.com /usr/bin/cmake --build /home/ros2-dev/mnt/manip_ws/build/my_robot_description -- -j16 -l16
[1.571s] Invoked command in '/home/ros2-dev/mnt/manip_ws/build/my_robot_description' returned '0': CMAKE_PREFIX_PATH=${CMAKE_PREFIX_PATH}:/home/ros2-dev/mnt/ws/install/lifecycle_py:/home/ros2-dev/mnt/ws/install/actions_py:/home/ros2-dev/mnt/ws/install/moveit_configs_utils:/opt/ros/jazzy DEBUGINFOD_URLS=https://debuginfod.ubuntu.com /usr/bin/cmake --build /home/ros2-dev/mnt/manip_ws/build/my_robot_description -- -j16 -l16
[1.589s] Invoking command in '/home/ros2-dev/mnt/manip_ws/build/my_robot_description': CMAKE_PREFIX_PATH=${CMAKE_PREFIX_PATH}:/home/ros2-dev/mnt/ws/install/lifecycle_py:/home/ros2-dev/mnt/ws/install/actions_py:/home/ros2-dev/mnt/ws/install/moveit_configs_utils:/opt/ros/jazzy DEBUGINFOD_URLS=https://debuginfod.ubuntu.com /usr/bin/cmake --install /home/ros2-dev/mnt/manip_ws/build/my_robot_description
[1.606s] -- Install configuration: ""
[1.606s] -- Installing: /home/ros2-dev/mnt/manip_ws/install/my_robot_description/share/ament_index/resource_index/package_run_dependencies/my_robot_description
[1.606s] -- Installing: /home/ros2-dev/mnt/manip_ws/install/my_robot_description/share/ament_index/resource_index/parent_prefix_path/my_robot_description
[1.606s] -- Installing: /home/ros2-dev/mnt/manip_ws/install/my_robot_description/share/my_robot_description/environment/ament_prefix_path.sh
[1.606s] -- Installing: /home/ros2-dev/mnt/manip_ws/install/my_robot_description/share/my_robot_description/environment/ament_prefix_path.dsv
[1.606s] -- Installing: /home/ros2-dev/mnt/manip_ws/install/my_robot_description/share/my_robot_description/environment/path.sh
[1.606s] -- Installing: /home/ros2-dev/mnt/manip_ws/install/my_robot_description/share/my_robot_description/environment/path.dsv
[1.606s] -- Installing: /home/ros2-dev/mnt/manip_ws/install/my_robot_description/share/my_robot_description/local_setup.bash
[1.606s] -- Installing: /home/ros2-dev/mnt/manip_ws/install/my_robot_description/share/my_robot_description/local_setup.sh
[1.606s] -- Installing: /home/ros2-dev/mnt/manip_ws/install/my_robot_description/share/my_robot_description/local_setup.zsh
[1.606s] -- Installing: /home/ros2-dev/mnt/manip_ws/install/my_robot_description/share/my_robot_description/local_setup.dsv
[1.607s] -- Installing: /home/ros2-dev/mnt/manip_ws/install/my_robot_description/share/my_robot_description/package.dsv
[1.607s] -- Installing: /home/ros2-dev/mnt/manip_ws/install/my_robot_description/share/ament_index/resource_index/packages/my_robot_description
[1.607s] -- Installing: /home/ros2-dev/mnt/manip_ws/install/my_robot_description/share/my_robot_description/cmake/my_robot_descriptionConfig.cmake
[1.607s] -- Installing: /home/ros2-dev/mnt/manip_ws/install/my_robot_description/share/my_robot_description/cmake/my_robot_descriptionConfig-version.cmake
[1.607s] -- Installing: /home/ros2-dev/mnt/manip_ws/install/my_robot_description/share/my_robot_description/package.xml
[1.609s] Invoked command in '/home/ros2-dev/mnt/manip_ws/build/my_robot_description' returned '0': CMAKE_PREFIX_PATH=${CMAKE_PREFIX_PATH}:/home/ros2-dev/mnt/ws/install/lifecycle_py:/home/ros2-dev/mnt/ws/install/actions_py:/home/ros2-dev/mnt/ws/install/moveit_configs_utils:/opt/ros/jazzy DEBUGINFOD_URLS=https://debuginfod.ubuntu.com /usr/bin/cmake --install /home/ros2-dev/mnt/manip_ws/build/my_robot_description
